  Animations.cpp
d:\uit\kỳ 4\game\project\casltevania\casltevania\animations.h(5): fatal error C1083: Cannot open include file: 'd3dx9.h': No such file or directory
  Brick.cpp
d:\uit\kỳ 4\game\project\casltevania\casltevania\gameobject.h(4): fatal error C1083: Cannot open include file: 'd3dx9.h': No such file or directory
  Game.cpp
d:\uit\kỳ 4\game\project\casltevania\casltevania\game.h(4): fatal error C1083: Cannot open include file: 'd3dx9.h': No such file or directory
  GameObject.cpp
d:\uit\kỳ 4\game\project\casltevania\casltevania\gameobject.cpp(1): fatal error C1083: Cannot open include file: 'd3dx9.h': No such file or directory
  Ghost.cpp
d:\uit\kỳ 4\game\project\casltevania\casltevania\gameobject.h(4): fatal error C1083: Cannot open include file: 'd3dx9.h': No such file or directory
  main.cpp
d:\uit\kỳ 4\game\project\casltevania\casltevania\main.cpp(23): fatal error C1083: Cannot open include file: 'd3dx9.h': No such file or directory
  ManagerScene.cpp
d:\uit\kỳ 4\game\project\casltevania\casltevania\globalconfig.h(2): fatal error C1083: Cannot open include file: 'd3dx9.h': No such file or directory
  Simon.cpp
d:\uit\kỳ 4\game\project\casltevania\casltevania\gameobject.h(4): fatal error C1083: Cannot open include file: 'd3dx9.h': No such file or directory
  Sprites.cpp
d:\uit\kỳ 4\game\project\casltevania\casltevania\sprites.h(3): fatal error C1083: Cannot open include file: 'd3dx9.h': No such file or directory
  Stage1.cpp
d:\uit\kỳ 4\game\project\casltevania\casltevania\globalconfig.h(2): fatal error C1083: Cannot open include file: 'd3dx9.h': No such file or directory
  Textures.cpp
d:\uit\kỳ 4\game\project\casltevania\casltevania\textures.cpp(4): fatal error C1083: Cannot open include file: 'd3dx9.h': No such file or directory
  Generating Code...
